1739248804402	geckodriver	INFO	Listening on 127.0.0.1:57316
1739248807447	mozrunner::runner	INFO	Running command: "C:\\Users\\Netiphong_\\AppData\\Local\\Mozilla Firefox\\firefox.exe" "--marionette" "--remote-debugging-por ... "--remote-allow-hosts" "localhost" "-no-remote" "-profile" "C:\\Users\\NETIPH~1\\AppData\\Local\\Temp\\rust_mozprofileZm3wHC"
console.warn: services.settings: Ignoring preference override of remote settings server
console.warn: services.settings: Allow by setting MOZ_REMOTE_SETTINGS_DEVTOOLS=1 in the environment
Dynamically enable window occlusion 0
1739248807747	Marionette	INFO	Marionette enabled
1739248807844	Marionette	INFO	Listening on port 57335
Read port: 57335
WebDriver BiDi listening on ws://127.0.0.1:57317
1739248807923	RemoteAgent	WARN	TLS certificate errors will be ignored for this session
DevTools listening on ws://127.0.0.1:57317/devtools/browser/65af1532-2a53-4ebe-9741-f31dc85773ce
JavaScript warning: https://automationexercise.com/static/js/jquery.js, line 2: Using //@ to indicate sourceMappingURL pragmas is deprecated. Use //# instead
JavaScript warning: https://automationexercise.com/static/js/jquery.js, line 2: Using //@ to indicate sourceMappingURL pragmas is deprecated. Use //# instead
JavaScript warning: https://pagead2.googlesyndication.com/bg/VPXMjhhSnF_0w04UBhtYgswssitSTY9737JJt5i4JB8.js line 2 > eval line 6661 > eval line 1 > eval line 1 > eval, line 1: WEBGL_debug_renderer_info is deprecated in Firefox and will be removed. Please use RENDERER.
JavaScript warning: https://automationexercise.com/static/js/jquery.js, line 2: Using //@ to indicate sourceMappingURL pragmas is deprecated. Use //# instead
JavaScript warning: https://automationexercise.com/static/js/jquery.js, line 2: Using //@ to indicate sourceMappingURL pragmas is deprecated. Use //# instead
console.warn: LoginRecipes: "Falling back to a synchronous message for: https://automationexercise.com."
console.warn: LoginRecipes: "Falling back to a synchronous message for: https://automationexercise.com."
console.warn: LoginRecipes: "Falling back to a synchronous message for: https://automationexercise.com."
JavaScript warning: https://pagead2.googlesyndication.com/bg/VPXMjhhSnF_0w04UBhtYgswssitSTY9737JJt5i4JB8.js line 2 > eval line 2182 > eval line 1 > eval line 1 > eval, line 1: WEBGL_debug_renderer_info is deprecated in Firefox and will be removed. Please use RENDERER.
console.error: ({})
JavaScript error: resource://gre/actors/FormHandlerChild.sys.mjs, line 103: InvalidStateError: JSWindowActorChild.document getter: Cannot access property 'document' after actor 'FormHandler' has been destroyed
1739248891068	Marionette	INFO	Stopped listening on port 57335
Dynamically enable window occlusion 1
