1739245700598	geckodriver	INFO	Listening on 127.0.0.1:54745
1739245703634	mozrunner::runner	INFO	Running command: "C:\\Users\\Netiphong_\\AppData\\Local\\Mozilla Firefox\\firefox.exe" "--marionette" "--remote-debugging-por ... "--remote-allow-hosts" "localhost" "-no-remote" "-profile" "C:\\Users\\NETIPH~1\\AppData\\Local\\Temp\\rust_mozprofileoxSboi"
console.warn: services.settings: Ignoring preference override of remote settings server
console.warn: services.settings: Allow by setting MOZ_REMOTE_SETTINGS_DEVTOOLS=1 in the environment
Dynamically enable window occlusion 0
1739245703909	Marionette	INFO	Marionette enabled
1739245703997	Marionette	INFO	Listening on port 54763
WebDriver BiDi listening on ws://127.0.0.1:54746
Read port: 54763
1739245704171	RemoteAgent	WARN	TLS certificate errors will be ignored for this session
DevTools listening on ws://127.0.0.1:54746/devtools/browser/2662e6ad-d6cb-4812-888c-d8c2654dfde6
JavaScript warning: https://automationexercise.com/static/js/jquery.js, line 2: Using //@ to indicate sourceMappingURL pragmas is deprecated. Use //# instead
JavaScript warning: https://automationexercise.com/static/js/jquery.js, line 2: Using //@ to indicate sourceMappingURL pragmas is deprecated. Use //# instead
JavaScript warning: https://automationexercise.com/static/js/jquery.js, line 2: Using //@ to indicate sourceMappingURL pragmas is deprecated. Use //# instead
1739245771081	Marionette	INFO	Stopped listening on port 54763
JavaScript warning: https://pagead2.googlesyndication.com/bg/CFqbMk23smrxp6r2U4Pu9eSqBipA3aIoMSPCl0KJ6rU.js line 2 > eval, line 4344: Script terminated by timeout at:
@https://pagead2.googlesyndication.com/bg/CFqbMk23smrxp6r2U4Pu9eSqBipA3aIoMSPCl0KJ6rU.js line 2 > eval:4344:25065
S3@https://pagead2.googlesyndication.com/bg/CFqbMk23smrxp6r2U4Pu9eSqBipA3aIoMSPCl0KJ6rU.js line 2 > eval:4344:22426
b.U</<@https://pagead2.googlesyndication.com/bg/CFqbMk23smrxp6r2U4Pu9eSqBipA3aIoMSPCl0KJ6rU.js line 2 > eval:4344:50272
rW@https://pagead2.googlesyndication.com/bg/CFqbMk23smrxp6r2U4Pu9eSqBipA3aIoMSPCl0KJ6rU.js line 2 > eval:4344:31995
HB@https://pagead2.googlesyndication.com/bg/CFqbMk23smrxp6r2U4Pu9eSqBipA3aIoMSPCl0KJ6rU.js line 2 > eval:4344:14073
S@https://pagead2.googlesyndication.com/bg/CFqbMk23smrxp6r2U4Pu9eSqBipA3aIoMSPCl0KJ6rU.js line 2 > eval:4344:7103
OH@https://pagead2.googlesyndication.com/bg/CFqbMk23smrxp6r2U4Pu9eSqBipA3aIoMSPCl0KJ6rU.js line 2 > eval:4344:23678
w@https://pagead2.googlesyndication.com/bg/CFqbMk23smrxp6r2U4Pu9eSqBipA3aIoMSPCl0KJ6rU.js line 2 > eval:4344:21152
xu.GMf_@https://pagead2.googlesyndication.com/bg/CFqbMk23smrxp6r2U4Pu9eSqBipA3aIoMSPCl0KJ6rU.js line 2 > eval:4344:53263
Vh@https://pagead2.googlesyndication.com/bg/CFqbMk23smrxp6r2U4Pu9eSqBipA3aIoMSPCl0KJ6rU.js line 2 > eval:4344:1515
v_@https://pagead2.googlesyndication.com/bg/CFqbMk23smrxp6r2U4Pu9eSqBipA3aIoMSPCl0KJ6rU.js line 2 > eval:4344:34338
Ve@https://pagead2.googlesyndication.com/bg/CFqbMk23smrxp6r2U4Pu9eSqBipA3aIoMSPCl0KJ6rU.js line 2 > eval:4344:18637
j3@https://pagead2.googlesyndication.com/bg/CFqbMk23smrxp6r2U4Pu9eSqBipA3aIoMSPCl0KJ6rU.js line 2 > eval:4344:21918
Pa/<@https://googleads.g.doubleclick.net/pagead/html/r20250206/r20190131/zrt_lookup_fy2021.html#RS-0-&adk=1812271801&client=ca-pub-1677597403311019&fa=1&ifi=3&uci=a!3&btvi=2:20:9930
Ua@https://googleads.g.doubleclick.net/pagead/html/r20250206/r20190131/zrt_lookup_fy2021.html#RS-0-&adk=1812271801&client=ca-pub-1677597403311019&fa=1&ifi=3&uci=a!3&btvi=2:20:10111
Pa@https://googleads.g.doubleclick.net/pagead/html/r20250206/r20190131/zrt_lookup_fy2021.html#RS-0-&adk=1812271801&client=ca-pub-1677597403311019&fa=1&ifi=3&uci=a!3&btvi=2:20:9920

Dynamically enable window occlusion 1
JavaScript error: , line 0: TypeError: NetworkError when attempting to fetch resource.
