1739246399448	geckodriver	INFO	Listening on 127.0.0.1:55355
1739246402504	mozrunner::runner	INFO	Running command: "C:\\Users\\Netiphong_\\AppData\\Local\\Mozilla Firefox\\firefox.exe" "--marionette" "--remote-debugging-por ... "--remote-allow-hosts" "localhost" "-no-remote" "-profile" "C:\\Users\\NETIPH~1\\AppData\\Local\\Temp\\rust_mozprofilexhydAn"
console.warn: services.settings: Ignoring preference override of remote settings server
console.warn: services.settings: Allow by setting MOZ_REMOTE_SETTINGS_DEVTOOLS=1 in the environment
Dynamically enable window occlusion 0
1739246402778	Marionette	INFO	Marionette enabled
1739246402867	Marionette	INFO	Listening on port 55371
WebDriver BiDi listening on ws://127.0.0.1:55356
Read port: 55371
1739246403034	RemoteAgent	WARN	TLS certificate errors will be ignored for this session
DevTools listening on ws://127.0.0.1:55356/devtools/browser/5d834b41-4096-4c5a-8a0a-4d2c2bf604dd
JavaScript warning: https://automationexercise.com/static/js/jquery.js, line 2: Using //@ to indicate sourceMappingURL pragmas is deprecated. Use //# instead
JavaScript warning: https://automationexercise.com/static/js/jquery.js, line 2: Using //@ to indicate sourceMappingURL pragmas is deprecated. Use //# instead
JavaScript error: , line 0: uncaught exception: undefined
JavaScript warning: https://automationexercise.com/static/js/jquery.js, line 2: Using //@ to indicate sourceMappingURL pragmas is deprecated. Use //# instead
1739246411646	Marionette	INFO	Stopped listening on port 55371
JavaScript warning: https://fundingchoicesmessages.google.com/i/ca-pub-1677597403311019?href=https%3A%2F%2Fautomationexercise.com%2Fproducts&ers=2, line 68: Script terminated by timeout at:
_.lc@/_/mss/boq-content-ads-contributor/_/js/k=boq-content-ads-contributor.ContributorServingResponseClientJs.th.L7ISxYa1gzc.es5.O/d=1/rs=AJlcJMxGvo5PZEgsFYqSwF34AAU9g7DDhA/m=kernel_loader,loader_js_executable:68:49
Oo.prototype.g@/_/mss/boq-content-ads-contributor/_/js/k=boq-content-ads-contributor.ContributorServingResponseClientJs.th.L7ISxYa1gzc.es5.O/d=1/exm=kernel_loader,loader_js_executable,web_iab_tcf_v2_signal_executable/ed=1/rs=AJlcJMxGvo5PZEgsFYqSwF34AAU9g7DDhA/m=ad_blocking_detection_executable:6:226
So@/_/mss/boq-content-ads-contributor/_/js/k=boq-content-ads-contributor.ContributorServingResponseClientJs.th.L7ISxYa1gzc.es5.O/d=1/exm=kernel_loader,loader_js_executable,web_iab_tcf_v2_signal_executable/ed=1/rs=AJlcJMxGvo5PZEgsFYqSwF34AAU9g7DDhA/m=ad_blocking_detection_executable:6:492
bp.prototype.i/</<@/_/mss/boq-content-ads-contributor/_/js/k=boq-content-ads-contributor.ContributorServingResponseClientJs.th.L7ISxYa1gzc.es5.O/d=1/exm=kernel_loader,loader_js_executable,web_iab_tcf_v2_signal_executable/ed=1/rs=AJlcJMxGvo5PZEgsFYqSwF34AAU9g7DDhA/m=ad_blocking_detection_executable:6:1944
$o@/_/mss/boq-content-ads-contributor/_/js/k=boq-content-ads-contributor.ContributorServingResponseClientJs.th.L7ISxYa1gzc.es5.O/d=1/exm=kernel_loader,loader_js_executable,web_iab_tcf_v2_signal_executable/ed=1/rs=AJlcJMxGvo5PZEgsFYqSwF34AAU9g7DDhA/m=ad_blocking_detection_executable:6:1474
$o/<@/_/mss/boq-content-ads-contributor/_/js/k=boq-content-ads-contributor.ContributorServingResponseClientJs.th.L7ISxYa1gzc.es5.O/d=1/exm=kernel_loader,loader_js_executable,web_iab_tcf_v2_signal_executable/ed=1/rs=AJlcJMxGvo5PZEgsFYqSwF34AAU9g7DDhA/m=ad_blocking_detection_executable:6:1617

Dynamically enable window occlusion 1
