1739248732268	geckodriver	INFO	Listening on 127.0.0.1:57191
1739248735318	mozrunner::runner	INFO	Running command: "C:\\Users\\Netiphong_\\AppData\\Local\\Mozilla Firefox\\firefox.exe" "--marionette" "--remote-debugging-por ... "--remote-allow-hosts" "localhost" "-no-remote" "-profile" "C:\\Users\\NETIPH~1\\AppData\\Local\\Temp\\rust_mozprofiledLig9k"
console.warn: services.settings: Ignoring preference override of remote settings server
console.warn: services.settings: Allow by setting MOZ_REMOTE_SETTINGS_DEVTOOLS=1 in the environment
Dynamically enable window occlusion 0
1739248735627	Marionette	INFO	Marionette enabled
1739248735719	Marionette	INFO	Listening on port 57208
Read port: 57208
WebDriver BiDi listening on ws://127.0.0.1:57192
1739248735800	RemoteAgent	WARN	TLS certificate errors will be ignored for this session
DevTools listening on ws://127.0.0.1:57192/devtools/browser/d7958a83-29e6-4a04-8b83-194df0a2cdcd
JavaScript warning: https://automationexercise.com/static/js/jquery.js, line 2: Using //@ to indicate sourceMappingURL pragmas is deprecated. Use //# instead
JavaScript warning: https://automationexercise.com/static/js/jquery.js, line 2: Using //@ to indicate sourceMappingURL pragmas is deprecated. Use //# instead
JavaScript warning: https://pagead2.googlesyndication.com/bg/VPXMjhhSnF_0w04UBhtYgswssitSTY9737JJt5i4JB8.js line 2 > eval line 6983 > eval line 1 > eval line 1 > eval, line 1: WEBGL_debug_renderer_info is deprecated in Firefox and will be removed. Please use RENDERER.
JavaScript warning: https://automationexercise.com/static/js/jquery.js, line 2: Using //@ to indicate sourceMappingURL pragmas is deprecated. Use //# instead
JavaScript warning: https://automationexercise.com/static/js/jquery.js, line 2: Using //@ to indicate sourceMappingURL pragmas is deprecated. Use //# instead
console.warn: LoginRecipes: "Falling back to a synchronous message for: https://automationexercise.com."
console.warn: LoginRecipes: "Falling back to a synchronous message for: https://automationexercise.com."
console.warn: LoginRecipes: "Falling back to a synchronous message for: https://automationexercise.com."
console.warn: LoginRecipes: "Falling back to a synchronous message for: https://automationexercise.com."
JavaScript warning: https://pagead2.googlesyndication.com/bg/VPXMjhhSnF_0w04UBhtYgswssitSTY9737JJt5i4JB8.js line 2 > eval line 1540 > eval line 1 > eval line 1 > eval, line 1: WEBGL_debug_renderer_info is deprecated in Firefox and will be removed. Please use RENDERER.
console.error: ({})
JavaScript error: resource://gre/actors/FormHandlerChild.sys.mjs, line 103: InvalidStateError: JSWindowActorChild.document getter: Cannot access property 'document' after actor 'FormHandler' has been destroyed
1739248753432	Marionette	INFO	Stopped listening on port 57208
JavaScript warning: https://pagead2.googlesyndication.com/bg/VPXMjhhSnF_0w04UBhtYgswssitSTY9737JJt5i4JB8.js line 2 > eval line 6988 > eval line 1 > eval line 1 > eval, line 1: WEBGL_debug_renderer_info is deprecated in Firefox and will be removed. Please use RENDERER.
Dynamically enable window occlusion 1
