1739246538177	geckodriver	INFO	Listening on 127.0.0.1:55559
1739246541230	mozrunner::runner	INFO	Running command: "C:\\Users\\Netiphong_\\AppData\\Local\\Mozilla Firefox\\firefox.exe" "--marionette" "--remote-debugging-por ... "--remote-allow-hosts" "localhost" "-no-remote" "-profile" "C:\\Users\\NETIPH~1\\AppData\\Local\\Temp\\rust_mozprofilevhmAcu"
console.warn: services.settings: Ignoring preference override of remote settings server
console.warn: services.settings: Allow by setting MOZ_REMOTE_SETTINGS_DEVTOOLS=1 in the environment
Dynamically enable window occlusion 0
1739246541513	Marionette	INFO	Marionette enabled
1739246541780	Marionette	INFO	Listening on port 55575
WebDriver BiDi listening on ws://127.0.0.1:55560
Read port: 55575
1739246541951	RemoteAgent	WARN	TLS certificate errors will be ignored for this session
DevTools listening on ws://127.0.0.1:55560/devtools/browser/2f9116af-d7b1-4872-9385-f96f175b71f8
JavaScript warning: https://automationexercise.com/static/js/jquery.js, line 2: Using //@ to indicate sourceMappingURL pragmas is deprecated. Use //# instead
JavaScript warning: https://automationexercise.com/static/js/jquery.js, line 2: Using //@ to indicate sourceMappingURL pragmas is deprecated. Use //# instead
JavaScript error: , line 0: uncaught exception: undefined
JavaScript warning: https://automationexercise.com/static/js/jquery.js, line 2: Using //@ to indicate sourceMappingURL pragmas is deprecated. Use //# instead
JavaScript warning: https://pagead2.googlesyndication.com/pagead/managed/js/activeview/current/ufs_web_display.js, line 13: Script terminated by timeout at:
C@https://pagead2.googlesyndication.com/pagead/managed/js/activeview/current/ufs_web_display.js:13:325
h@https://pagead2.googlesyndication.com/pagead/managed/js/activeview/current/ufs_web_display.js:93:449

1739246553489	Marionette	INFO	Stopped listening on port 55575
JavaScript warning: https://pagead2.googlesyndication.com/pagead/managed/js/adsense/m202502060101/show_ads_impl_fy2021.js, line 564: Script terminated by timeout at:
YR/<@https://pagead2.googlesyndication.com/pagead/managed/js/adsense/m202502060101/show_ads_impl_fy2021.js:564:94

Dynamically enable window occlusion 1
