1739246507850	geckodriver	INFO	Listening on 127.0.0.1:55471
1739246510899	mozrunner::runner	INFO	Running command: "C:\\Users\\Netiphong_\\AppData\\Local\\Mozilla Firefox\\firefox.exe" "--marionette" "--remote-debugging-por ... "--remote-allow-hosts" "localhost" "-no-remote" "-profile" "C:\\Users\\NETIPH~1\\AppData\\Local\\Temp\\rust_mozprofileBQ9kFa"
console.warn: services.settings: Ignoring preference override of remote settings server
console.warn: services.settings: Allow by setting MOZ_REMOTE_SETTINGS_DEVTOOLS=1 in the environment
Dynamically enable window occlusion 0
1739246511338	Marionette	INFO	Marionette enabled
1739246511529	Marionette	INFO	Listening on port 55491
WebDriver BiDi listening on ws://127.0.0.1:55472
Read port: 55491
1739246511918	RemoteAgent	WARN	TLS certificate errors will be ignored for this session
DevTools listening on ws://127.0.0.1:55472/devtools/browser/ef9acced-fed1-4241-814f-7c3d04356237
console.error: (new TypeError("linkMap is undefined", "resource://gre/modules/NewTabUtils.sys.mjs", 2003))
JavaScript warning: https://automationexercise.com/static/js/jquery.js, line 2: Using //@ to indicate sourceMappingURL pragmas is deprecated. Use //# instead
JavaScript warning: https://automationexercise.com/static/js/jquery.js, line 2: Using //@ to indicate sourceMappingURL pragmas is deprecated. Use //# instead
JavaScript warning: https://automationexercise.com/static/js/jquery.js, line 2: Using //@ to indicate sourceMappingURL pragmas is deprecated. Use //# instead
1739246520348	Marionette	INFO	Stopped listening on port 55491
JavaScript warning: https://fundingchoicesmessages.google.com/f/AGSKWxU0APKTb6DXmnsOALyxlqzIrXCgKgiT3JfD6j4qkWgjP5M17bazm3ZEwzIScKlJccd56l1wEwa5c-SBJbgyaeu8iZdv3evqKocU-SjuYDKGYdLz6V1Se5i7ZEFdGjskPH_pCRAZ9Q==?fccs=W251bGwsbnVsbCxudWxsLG51bGwsbnVsbCxudWxsLFsxNzM5MjQ2NTIwLDQ3MDAwMDAwXSxudWxsLG51bGwsbnVsbCxbbnVsbCxbNyw5XSxudWxsLDIsbnVsbCwiZW4iXSwiaHR0cHM6Ly9hdXRvbWF0aW9uZXhlcmNpc2UuY29tL3Byb2R1Y3RzIixudWxsLFtbOCwiTDdJU3hZYTFnemMiXSxbOSwidGgiXSxbMjMsIjE3MzkyNDY1NTMiXSxbMTksIjIiXSxbMTcsIlswXSJdLFsyNCwiYXV0b21hdGlvbmV4ZXJjaXNlLmNvbSJdXV0, line 6: Script terminated by timeout at:
$o@/_/mss/boq-content-ads-contributor/_/js/k=boq-content-ads-contributor.ContributorServingResponseClientJs.th.L7ISxYa1gzc.es5.O/d=1/exm=kernel_loader,loader_js_executable,web_iab_tcf_v2_signal_executable/ed=1/rs=AJlcJMxGvo5PZEgsFYqSwF34AAU9g7DDhA/m=ad_blocking_detection_executable:6:1446
$o/<@/_/mss/boq-content-ads-contributor/_/js/k=boq-content-ads-contributor.ContributorServingResponseClientJs.th.L7ISxYa1gzc.es5.O/d=1/exm=kernel_loader,loader_js_executable,web_iab_tcf_v2_signal_executable/ed=1/rs=AJlcJMxGvo5PZEgsFYqSwF34AAU9g7DDhA/m=ad_blocking_detection_executable:6:1617

Dynamically enable window occlusion 1
