1739248733318	geckodriver	INFO	Listening on 127.0.0.1:57197
1739248736353	mozrunner::runner	INFO	Running command: "C:\\Users\\Netiphong_\\AppData\\Local\\Mozilla Firefox\\firefox.exe" "--marionette" "--remote-debugging-por ... "--remote-allow-hosts" "localhost" "-no-remote" "-profile" "C:\\Users\\NETIPH~1\\AppData\\Local\\Temp\\rust_mozprofile14Z3Hg"
console.warn: services.settings: Ignoring preference override of remote settings server
console.warn: services.settings: Allow by setting MOZ_REMOTE_SETTINGS_DEVTOOLS=1 in the environment
Dynamically enable window occlusion 0
1739248736769	Marionette	INFO	Marionette enabled
1739248736875	Marionette	INFO	Listening on port 57218
WebDriver BiDi listening on ws://127.0.0.1:57198
Read port: 57218
1739248737208	RemoteAgent	WARN	TLS certificate errors will be ignored for this session
DevTools listening on ws://127.0.0.1:57198/devtools/browser/ebcb7538-26e9-4510-abe6-edb40f2c3919
JavaScript warning: https://automationexercise.com/static/js/jquery.js, line 2: Using //@ to indicate sourceMappingURL pragmas is deprecated. Use //# instead
JavaScript warning: https://automationexercise.com/static/js/jquery.js, line 2: Using //@ to indicate sourceMappingURL pragmas is deprecated. Use //# instead
JavaScript warning: https://pagead2.googlesyndication.com/bg/VPXMjhhSnF_0w04UBhtYgswssitSTY9737JJt5i4JB8.js line 2 > eval line 7410 > eval line 1 > eval line 1 > eval, line 1: WEBGL_debug_renderer_info is deprecated in Firefox and will be removed. Please use RENDERER.
JavaScript warning: https://automationexercise.com/static/js/jquery.js, line 2: Using //@ to indicate sourceMappingURL pragmas is deprecated. Use //# instead
JavaScript warning: https://automationexercise.com/static/js/jquery.js, line 2: Using //@ to indicate sourceMappingURL pragmas is deprecated. Use //# instead
console.warn: LoginRecipes: "Falling back to a synchronous message for: https://automationexercise.com."
console.warn: LoginRecipes: "Falling back to a synchronous message for: https://automationexercise.com."
console.warn: LoginRecipes: "Falling back to a synchronous message for: https://automationexercise.com."
console.warn: LoginRecipes: "Falling back to a synchronous message for: https://automationexercise.com."
JavaScript warning: https://pagead2.googlesyndication.com/bg/VPXMjhhSnF_0w04UBhtYgswssitSTY9737JJt5i4JB8.js line 2 > eval line 6772 > eval line 1 > eval line 1 > eval, line 1: WEBGL_debug_renderer_info is deprecated in Firefox and will be removed. Please use RENDERER.
console.error: ({})
JavaScript error: resource://gre/actors/FormHandlerChild.sys.mjs, line 103: InvalidStateError: JSWindowActorChild.document getter: Cannot access property 'document' after actor 'FormHandler' has been destroyed
1739248752553	Marionette	INFO	Stopped listening on port 57218
JavaScript warning: https://pagead2.googlesyndication.com/bg/VPXMjhhSnF_0w04UBhtYgswssitSTY9737JJt5i4JB8.js line 2 > eval line 7353 > eval line 1 > eval line 1 > eval, line 1: WEBGL_debug_renderer_info is deprecated in Firefox and will be removed. Please use RENDERER.
JavaScript warning: https://pagead2.googlesyndication.com/pagead/managed/js/adsense/m202502060101/show_ads_impl_fy2021.js, line 76: Script terminated by timeout at:
Jg@https://pagead2.googlesyndication.com/pagead/managed/js/adsense/m202502060101/show_ads_impl_fy2021.js:76:302
dh@https://pagead2.googlesyndication.com/pagead/managed/js/adsense/m202502060101/show_ads_impl_fy2021.js:76:410
i@https://pagead2.googlesyndication.com/pagead/managed/js/adsense/m202502060101/show_ads_impl_fy2021.js:528:836
ZX/b<@https://pagead2.googlesyndication.com/pagead/managed/js/adsense/m202502060101/show_ads_impl_fy2021.js:761:83
Ya/</<@https://pagead2.googlesyndication.com/pagead/managed/js/adsense/m202502060101/show_ads_impl_fy2021.js:196:859
Xa@https://pagead2.googlesyndication.com/pagead/managed/js/adsense/m202502060101/show_ads_impl_fy2021.js:196:685
Ya/<@https://pagead2.googlesyndication.com/pagead/managed/js/adsense/m202502060101/show_ads_impl_fy2021.js:196:848

Dynamically enable window occlusion 1
