1739245422641	geckodriver	INFO	Listening on 127.0.0.1:54520
1739245425721	mozrunner::runner	INFO	Running command: "C:\\Users\\Netiphong_\\AppData\\Local\\Mozilla Firefox\\firefox.exe" "--marionette" "--remote-debugging-por ... "--remote-allow-hosts" "localhost" "-no-remote" "-profile" "C:\\Users\\NETIPH~1\\AppData\\Local\\Temp\\rust_mozprofileGCSRYh"
console.warn: services.settings: Ignoring preference override of remote settings server
console.warn: services.settings: Allow by setting MOZ_REMOTE_SETTINGS_DEVTOOLS=1 in the environment
Dynamically enable window occlusion 0
1739245426087	Marionette	INFO	Marionette enabled
1739245426199	Marionette	INFO	Listening on port 54540
WebDriver BiDi listening on ws://127.0.0.1:54521
Read port: 54540
1739245426500	RemoteAgent	WARN	TLS certificate errors will be ignored for this session
DevTools listening on ws://127.0.0.1:54521/devtools/browser/d259cfbf-1f80-4d2e-8b78-87efa8489a77
JavaScript warning: https://automationexercise.com/static/js/jquery.js, line 2: Using //@ to indicate sourceMappingURL pragmas is deprecated. Use //# instead
JavaScript warning: https://automationexercise.com/static/js/jquery.js, line 2: Using //@ to indicate sourceMappingURL pragmas is deprecated. Use //# instead
JavaScript error: , line 0: uncaught exception: undefined
JavaScript warning: https://automationexercise.com/static/js/jquery.js, line 2: Using //@ to indicate sourceMappingURL pragmas is deprecated. Use //# instead
1739245495866	Marionette	INFO	Stopped listening on port 54540
JavaScript warning: https://fundingchoicesmessages.google.com/i/ca-pub-1677597403311019?href=https%3A%2F%2Fautomationexercise.com%2Fproducts&ers=2, line 3: Script terminated by timeout at:
_._F_toggles_initialize@/_/mss/boq-content-ads-contributor/_/js/k=boq-content-ads-contributor.ContributorServingResponseClientJs.th.L7ISxYa1gzc.es5.O/d=1/rs=AJlcJMxGvo5PZEgsFYqSwF34AAU9g7DDhA/m=kernel_loader,loader_js_executable:3:134
@/_/mss/boq-content-ads-contributor/_/js/k=boq-content-ads-contributor.ContributorServingResponseClientJs.th.L7ISxYa1gzc.es5.O/d=1/rs=AJlcJMxGvo5PZEgsFYqSwF34AAU9g7DDhA/m=kernel_loader,loader_js_executable:3:163
@/_/mss/boq-content-ads-contributor/_/js/k=boq-content-ads-contributor.ContributorServingResponseClientJs.th.L7ISxYa1gzc.es5.O/d=1/rs=AJlcJMxGvo5PZEgsFYqSwF34AAU9g7DDhA/m=kernel_loader,loader_js_executable:466:4

Dynamically enable window occlusion 1
